[LOG] Welcome to hyprpaper!
built from commit v0.7.0 ()
[LOG] Using config location /home/bowyn/bowos/wallpaper/hyprpaper.conf.
Hyprpaper usage: hyprpaper [arg [...]].

Arguments:
--help          -h | Show this help message
--config        -c | Specify config file to use
--no-fractional -n | Disable fractional scaling support
[LOG] Welcome to hyprpaper!
built from commit v0.7.0 ()
[LOG] Using config location /home/bowyn/bowos/wallpaper/hyprpaper.conf.
Hyprpaper usage: hyprpaper [arg [...]].

Arguments:
--help          -h | Show this help message
--config        -c | Specify config file to use
--no-fractional -n | Disable fractional scaling support
[LOG] Welcome to hyprpaper!
built from commit v0.7.0 ()
[LOG] Using config location /home/bowyn/bowos/wallpaper/hyprpaper.conf.
Hyprpaper usage: hyprpaper [arg [...]].

Arguments:
--help          -h | Show this help message
--config        -c | Specify config file to use
--no-fractional -n | Disable fractional scaling support
[LOG] Welcome to hyprpaper!
built from commit v0.7.0 ()
[LOG] Using config location /home/bowyn/bowos/wallpaper/hyprpaper.conf.
Hyprpaper usage: hyprpaper [arg [...]].

Arguments:
--help          -h | Show this help message
--config        -c | Specify config file to use
--no-fractional -n | Disable fractional scaling support
[LOG] Welcome to hyprpaper!
built from commit v0.7.0 ()
[LOG] Using config location /home/bowyn/bowos/wallpaper/hyprpaper.conf.
Hyprpaper usage: hyprpaper [arg [...]].

Arguments:
--help          -h | Show this help message
--config        -c | Specify config file to use
--no-fractional -n | Disable fractional scaling support
[LOG] Welcome to hyprpaper!
built from commit v0.7.0 ()
[LOG] Using config location /home/bowyn/bowos/wallpaper/hyprpaper.conf.
Hyprpaper usage: hyprpaper [arg [...]].

Arguments:
--help          -h | Show this help message
--config        -c | Specify config file to use
--no-fractional -n | Disable fractional scaling support
[LOG] Welcome to hyprpaper!
built from commit v0.7.0 ()
[LOG] Using config location /home/bowyn/bowos/wallpaper/hyprpaper.conf.
Hyprpaper usage: hyprpaper [arg [...]].

Arguments:
--help          -h | Show this help message
--config        -c | Specify config file to use
--no-fractional -n | Disable fractional scaling support
[LOG] Welcome to hyprpaper!
built from commit v0.7.0 ()
[LOG] Using config location /home/bowyn/bowos/wallpaper/hyprpaper.conf.
Hyprpaper usage: hyprpaper [arg [...]].

Arguments:
--help          -h | Show this help message
--config        -c | Specify config file to use
--no-fractional -n | Disable fractional scaling support
[LOG] Welcome to hyprpaper!
built from commit v0.7.0 ()
[LOG] Using config location /home/bowyn/bowos/wallpaper/hyprpaper.conf.
Hyprpaper usage: hyprpaper [arg [...]].

Arguments:
--help          -h | Show this help message
--config        -c | Specify config file to use
--no-fractional -n | Disable fractional scaling support
[LOG] Welcome to hyprpaper!
built from commit v0.7.0 ()
[LOG] Using config location /home/bowyn/bowos/wallpaper/hyprpaper.conf.
Hyprpaper usage: hyprpaper [arg [...]].

Arguments:
--help          -h | Show this help message
--config        -c | Specify config file to use
--no-fractional -n | Disable fractional scaling support
[LOG] Welcome to hyprpaper!
built from commit v0.7.0 ()
[LOG] Using config location /home/bowyn/bowos/wallpaper/hyprpaper.conf.
Hyprpaper usage: hyprpaper [arg [...]].

Arguments:
--help          -h | Show this help message
--config        -c | Specify config file to use
--no-fractional -n | Disable fractional scaling support
[LOG] Welcome to hyprpaper!
built from commit v0.7.0 ()
[LOG] Using config location /home/bowyn/bowos/wallpaper/hyprpaper.conf.
Hyprpaper usage: hyprpaper [arg [...]].

Arguments:
--help          -h | Show this help message
--config        -c | Specify config file to use
--no-fractional -n | Disable fractional scaling support
[LOG] Welcome to hyprpaper!
built from commit v0.7.0 ()
[LOG] Using config location /home/bowyn/bowos/wallpaper/hyprpaper.conf.
Hyprpaper usage: hyprpaper [arg [...]].

Arguments:
--help          -h | Show this help message
--config        -c | Specify config file to use
--no-fractional -n | Disable fractional scaling support
